
UNITS
L,T,M: 5.90816e+11 19.7075 3e+19
rho,u,B: 1.45467e-16 130739 1281.76
max_tau_scatt: 0.000206266
getting simulation data...
successfully opened dump006
Sim range x1, x2:  0.278408 3.68888, 0 1
dMact: -0.152258, Ladv: 0.00105859
initializing geometry...
done.

reading hot cross section data from hotcross.dat...
done.

done.

Building table for superphoton weights
done.

Entering main loop...
time 0, rate inf ph/s
time 1, rate 200001 ph/s
time 2, rate 150000 ph/s
time 16, rate 25000 ph/s
time 46, rate 10869.6 ph/s
time 72, rate 8333.33 ph/s
Final time 76, rate 8484.03 ph/s
luminosity 86.1334, dMact -3.67487e-09, efficiency -0.00158241, L/Ladv 0.227599, max_tau_scatt 0.000489188

N_superph_made: 644786
N_superph_recorded: 1878043
